This is pdfTeX, Version 3.14159265-2.6-1.40.18 (TeX Live 2017/Debian) (preloaded format=pdflatex 2018.7.18)  19 JUL 2018 10:31
entering extended mode
 restricted \write18 enabled.
 %&-line parsing enabled.
**bachelors-thesis.tex
(./bachelors-thesis.tex
LaTeX2e <2017-04-15>
Babel <3.12> and hyphenation patterns for 84 language(s) loaded.
(/usr/share/texlive/texmf-dist/tex/latex/base/article.cls
Document Class: article 2014/09/29 v1.4h Standard LaTeX document class
(/usr/share/texlive/texmf-dist/tex/latex/base/size10.clo
File: size10.clo 2014/09/29 v1.4h Standard LaTeX file (size option)
)
\c@part=\count79
\c@section=\count80
\c@subsection=\count81
\c@subsubsection=\count82
\c@paragraph=\count83
\c@subparagraph=\count84
\c@figure=\count85
\c@table=\count86
\abovecaptionskip=\skip41
\belowcaptionskip=\skip42
\bibindent=\dimen102
)
(/usr/share/texlive/texmf-dist/tex/latex/natbib/natbib.sty
Package: natbib 2010/09/13 8.31b (PWD, AO)
\bibhang=\skip43
\bibsep=\skip44
LaTeX Info: Redefining \cite on input line 694.
\c@NAT@ctr=\count87
)
(/usr/share/texlive/texmf-dist/tex/latex/amsfonts/amsfonts.sty
Package: amsfonts 2013/01/14 v3.01 Basic AMSFonts support
\@emptytoks=\toks14
\symAMSa=\mathgroup4
\symAMSb=\mathgroup5
LaTeX Font Info:    Overwriting math alphabet `\mathfrak' in version `bold'
(Font)                  U/euf/m/n --> U/euf/b/n on input line 106.
)
(/usr/share/texlive/texmf-dist/tex/latex/stmaryrd/stmaryrd.sty
Package: stmaryrd 1994/03/03 St Mary's Road symbol package
\symstmry=\mathgroup6
LaTeX Font Info:    Overwriting symbol font `stmry' in version `bold'
(Font)                  U/stmry/m/n --> U/stmry/b/n on input line 89.
)
(/usr/share/texlive/texmf-dist/tex/latex/amsmath/amsmath.sty
Package: amsmath 2016/11/05 v2.16a AMS math features
\@mathmargin=\skip45

For additional information on amsmath, use the `?' option.
(/usr/share/texlive/texmf-dist/tex/latex/amsmath/amstext.sty
Package: amstext 2000/06/29 v2.01 AMS text

(/usr/share/texlive/texmf-dist/tex/latex/amsmath/amsgen.sty
File: amsgen.sty 1999/11/30 v2.0 generic functions
\@emptytoks=\toks15
\ex@=\dimen103
))
(/usr/share/texlive/texmf-dist/tex/latex/amsmath/amsbsy.sty
Package: amsbsy 1999/11/29 v1.2d Bold Symbols
\pmbraise@=\dimen104
)
(/usr/share/texlive/texmf-dist/tex/latex/amsmath/amsopn.sty
Package: amsopn 2016/03/08 v2.02 operator names
)
\inf@bad=\count88
LaTeX Info: Redefining \frac on input line 213.
\uproot@=\count89
\leftroot@=\count90
LaTeX Info: Redefining \overline on input line 375.
\classnum@=\count91
\DOTSCASE@=\count92
LaTeX Info: Redefining \ldots on input line 472.
LaTeX Info: Redefining \dots on input line 475.
LaTeX Info: Redefining \cdots on input line 596.
\Mathstrutbox@=\box26
\strutbox@=\box27
\big@size=\dimen105
LaTeX Font Info:    Redeclaring font encoding OML on input line 712.
LaTeX Font Info:    Redeclaring font encoding OMS on input line 713.
\macc@depth=\count93
\c@MaxMatrixCols=\count94
\dotsspace@=\muskip10
\c@parentequation=\count95
\dspbrk@lvl=\count96
\tag@help=\toks16
\row@=\count97
\column@=\count98
\maxfields@=\count99
\andhelp@=\toks17
\eqnshift@=\dimen106
\alignsep@=\dimen107
\tagshift@=\dimen108
\tagwidth@=\dimen109
\totwidth@=\dimen110
\lineht@=\dimen111
\@envbody=\toks18
\multlinegap=\skip46
\multlinetaggap=\skip47
\mathdisplay@stack=\toks19
LaTeX Info: Redefining \[ on input line 2817.
LaTeX Info: Redefining \] on input line 2818.
)
(./bachelors-thesis.aux)
\openout1 = `bachelors-thesis.aux'.

LaTeX Font Info:    Checking defaults for OML/cmm/m/it on input line 14.
LaTeX Font Info:    ... okay on input line 14.
LaTeX Font Info:    Checking defaults for T1/cmr/m/n on input line 14.
LaTeX Font Info:    ... okay on input line 14.
LaTeX Font Info:    Checking defaults for OT1/cmr/m/n on input line 14.
LaTeX Font Info:    ... okay on input line 14.
LaTeX Font Info:    Checking defaults for OMS/cmsy/m/n on input line 14.
LaTeX Font Info:    ... okay on input line 14.
LaTeX Font Info:    Checking defaults for OMX/cmex/m/n on input line 14.
LaTeX Font Info:    ... okay on input line 14.
LaTeX Font Info:    Checking defaults for U/cmr/m/n on input line 14.
LaTeX Font Info:    ... okay on input line 14.
LaTeX Font Info:    Try loading font information for U+msa on input line 16.

(/usr/share/texlive/texmf-dist/tex/latex/amsfonts/umsa.fd
File: umsa.fd 2013/01/14 v3.01 AMS symbols A
)
LaTeX Font Info:    Try loading font information for U+msb on input line 16.

(/usr/share/texlive/texmf-dist/tex/latex/amsfonts/umsb.fd
File: umsb.fd 2013/01/14 v3.01 AMS symbols B
)
LaTeX Font Info:    Try loading font information for U+stmry on input line 16.

(/usr/share/texlive/texmf-dist/tex/latex/stmaryrd/Ustmry.fd)
Underfull \hbox (badness 10000) in paragraph at lines 34--35

 []


Underfull \hbox (badness 10000) in paragraph at lines 36--37

 []

[1

{/var/lib/texmf/fonts/map/pdftex/updmap/pdftex.map}]
Underfull \hbox (badness 10000) in paragraph at lines 38--39

 []

LaTeX Font Info:    Try loading font information for OMS+cmr on input line 40.
(/usr/share/texlive/texmf-dist/tex/latex/base/omscmr.fd
File: omscmr.fd 2014/09/29 v2.5h Standard LaTeX font definitions
)
LaTeX Font Info:    Font shape `OMS/cmr/m/n' in size <10> not available
(Font)              Font shape `OMS/cmsy/m/n' tried instead on input line 40.

Overfull \hbox (11.27586pt too wide) in paragraph at lines 46--47
[]\OT1/cmr/m/n/10 A join op-er-a-tor $\OMS/cmsy/m/n/10 t[]$ \OT1/cmr/m/n/10 suc
h that $((\OML/cmm/m/it/10 S[]\OT1/cmr/m/n/10 )[]\OML/cmm/m/it/10 ; Q[]\OT1/cmr
/m/n/10 ) \OMS/cmsy/m/n/10 t[] \OT1/cmr/m/n/10 ((\OML/cmm/m/it/10 S[]\OT1/cmr/m
/n/10 )[]\OML/cmm/m/it/10 ; Q[]\OT1/cmr/m/n/10 ) = (((\OML/cmm/m/it/10 S[] \OMS
/cmsy/m/n/10 t[]
 []


Overfull \hbox (15.99806pt too wide) in paragraph at lines 47--48
[]\OT1/cmr/m/n/10 A meet op-er-a-tor $\OMS/cmsy/m/n/10 u[]$ \OT1/cmr/m/n/10 suc
h that $((\OML/cmm/m/it/10 S[]\OT1/cmr/m/n/10 )[]\OML/cmm/m/it/10 ; Q[]\OT1/cmr
/m/n/10 ) \OMS/cmsy/m/n/10 u[] \OT1/cmr/m/n/10 ((\OML/cmm/m/it/10 S[]\OT1/cmr/m
/n/10 )[]\OML/cmm/m/it/10 ; Q[]\OT1/cmr/m/n/10 ) = (((\OML/cmm/m/it/10 S[] \OMS
/cmsy/m/n/10 u[]
 []


Overfull \hbox (113.78696pt too wide) in paragraph at lines 48--49
[]\OT1/cmr/m/n/10 A back-ward as-sign-ment op-er-a-tor $\U/stmry/m/n/10 J[]K\OT
1/cmr/m/n/10 ((\OML/cmm/m/it/10 S[]\OT1/cmr/m/n/10 )[]\OML/cmm/m/it/10 ; Q\OT1/
cmr/m/n/10 ) = ((\U/stmry/m/n/10 J[]K\OT1/cmr/m/n/10 (\OML/cmm/m/it/10 S[]\OT1/
cmr/m/n/10 ))[]\OML/cmm/m/it/10 ; \U/stmry/m/n/10 J[]K\OT1/cmr/m/n/10 (\OML/cmm
/m/it/10 Q\OT1/cmr/m/n/10 ))$ 
 []


Overfull \hbox (138.2933pt too wide) in paragraph at lines 49--50
[]\OT1/cmr/m/n/10 A widen-ing op-er-a-tor $\OMS/cmsy/m/n/10 r[]$ \OT1/cmr/m/n/1
0 such that $((\OML/cmm/m/it/10 S[]\OT1/cmr/m/n/10 )[]\OML/cmm/m/it/10 ; Q[]\OT
1/cmr/m/n/10 )\OMS/cmsy/m/n/10 r[]\OT1/cmr/m/n/10 ((\OML/cmm/m/it/10 S[]\OT1/cm
r/m/n/10 )[]\OML/cmm/m/it/10 ; Q[]\OT1/cmr/m/n/10 ) = ((\OML/cmm/m/it/10 S[]\OM
S/cmsy/m/n/10 r[]\OML/cmm/m/it/10 S[]\OT1/cmr/m/n/10 )[]\OML/cmm/m/it/10 ; Q[]\
OMS/cmsy/m/n/10 r[]\OML/cmm/m/it/10 Q[]\OT1/cmr/m/n/10 )$ 
 []

(./bachelors-thesis.bbl [2]) [3] (./bachelors-thesis.aux) ) 
Here is how much of TeX's memory you used:
 1455 strings out of 492990
 17001 string characters out of 6135005
 76887 words of memory out of 5000000
 5027 multiletter control sequences out of 15000+600000
 14083 words of font info for 55 fonts, out of 8000000 for 9000
 1141 hyphenation exceptions out of 8191
 27i,14n,24p,808b,207s stack positions out of 5000i,500n,10000p,200000b,80000s
</usr/share/texlive/
texmf-dist/fonts/type1/public/amsfonts/cm/cmbx12.pfb></usr/share/texlive/texmf-
dist/fonts/type1/public/amsfonts/cm/cmbx9.pfb></usr/share/texlive/texmf-dist/fo
nts/type1/public/amsfonts/cm/cmex10.pfb></usr/share/texlive/texmf-dist/fonts/ty
pe1/public/amsfonts/cm/cmmi10.pfb></usr/share/texlive/texmf-dist/fonts/type1/pu
blic/amsfonts/cm/cmmi5.pfb></usr/share/texlive/texmf-dist/fonts/type1/public/am
sfonts/cm/cmmi7.pfb></usr/share/texlive/texmf-dist/fonts/type1/public/amsfonts/
cm/cmr10.pfb></usr/share/texlive/texmf-dist/fonts/type1/public/amsfonts/cm/cmr1
2.pfb></usr/share/texlive/texmf-dist/fonts/type1/public/amsfonts/cm/cmr17.pfb><
/usr/share/texlive/texmf-dist/fonts/type1/public/amsfonts/cm/cmr7.pfb></usr/sha
re/texlive/texmf-dist/fonts/type1/public/amsfonts/cm/cmsl10.pfb></usr/share/tex
live/texmf-dist/fonts/type1/public/amsfonts/cm/cmsy10.pfb></usr/share/texlive/t
exmf-dist/fonts/type1/public/stmaryrd/stmary10.pfb>
Output written on bachelors-thesis.pdf (3 pages, 134624 bytes).
PDF statistics:
 66 PDF objects out of 1000 (max. 8388607)
 47 compressed objects within 1 object stream
 0 named destinations out of 1000 (max. 500000)
 1 words of extra memory for PDF output out of 10000 (max. 10000000)

